2021-04-16 08:01:10.382 T:7976     INFO <general>: -----------------------------------------------------------------------
2021-04-16 08:01:10.382 T:7976     INFO <general>: Starting Kodi (19.0 (19.0.0) Git:20210218-f44fdfbf67). Platform: Windows NT x86 64-bit
2021-04-16 08:01:10.382 T:7976     INFO <general>: Using Release Kodi x64
2021-04-16 08:01:10.382 T:7976     INFO <general>: Kodi compiled 2021-02-18 by MSVC 191627034 for Windows NT x86 64-bit version 10.0 (0x0A000007)
2021-04-16 08:01:10.382 T:7976     INFO <general>: Running on Windows 10 1909, kernel: Windows NT x86 64-bit version 10.0.18363.1500
2021-04-16 08:01:10.383 T:7976     INFO <general>: FFmpeg version/source: 4.3.1-Kodi
2021-04-16 08:01:10.383 T:7976     INFO <general>: Host CPU: Intel(R) Core(TM) i5-4460 CPU @ 3.20GHz, 4 cores available
2021-04-16 08:01:10.383 T:7976     INFO <general>: System has 8.0 GB of RAM installed
2021-04-16 08:01:10.383 T:7976     INFO <general>: Desktop Resolution: 1600x900 32Bit at 60Hz
2021-04-16 08:01:10.383 T:7976     INFO <general>: Running with restricted rights
2021-04-16 08:01:10.383 T:7976     INFO <general>: Aero is enabled
2021-04-16 08:01:10.383 T:7976     INFO <general>: Display is not HDR capable or cannot be detected
2021-04-16 08:01:10.383 T:7976     INFO <general>: special://xbmc/ is mapped to: D:\Kodi19.0
2021-04-16 08:01:10.383 T:7976     INFO <general>: special://xbmcbin/ is mapped to: D:\Kodi19.0
2021-04-16 08:01:10.383 T:7976     INFO <general>: special://xbmcbinaddons/ is mapped to: D:\Kodi19.0/addons
2021-04-16 08:01:10.383 T:7976     INFO <general>: special://masterprofile/ is mapped to: D:\Kodi19.0\portable_data\userdata
2021-04-16 08:01:10.383 T:7976     INFO <general>: special://home/ is mapped to: D:\Kodi19.0\portable_data\
2021-04-16 08:01:10.383 T:7976     INFO <general>: special://temp/ is mapped to: D:\Kodi19.0\portable_data\cache
2021-04-16 08:01:10.383 T:7976     INFO <general>: special://logpath/ is mapped to: D:\Kodi19.0\portable_data\
2021-04-16 08:01:10.383 T:7976     INFO <general>: The executable running is: D:\Kodi19.0\kodi.exe
2021-04-16 08:01:10.388 T:7976     INFO <general>: Local hostname: 281920-PC
2021-04-16 08:01:10.388 T:7976     INFO <general>: Log File is located: D:\Kodi19.0\portable_data\kodi.log
2021-04-16 08:01:10.388 T:7976     INFO <general>: -----------------------------------------------------------------------
2021-04-16 08:01:10.389 T:7976     INFO <general>: loading settings
2021-04-16 08:01:10.389 T:7976     INFO <general>: special://profile/ is mapped to: special://masterprofile/
2021-04-16 08:01:10.395 T:7976     INFO <general>: No settings file to load (special://xbmc/system/advancedsettings.xml)
2021-04-16 08:01:10.395 T:7976     INFO <general>: No settings file to load (special://masterprofile/advancedsettings.xml)
2021-04-16 08:01:10.395 T:7976     INFO <general>: Default Video Player: VideoPlayer
2021-04-16 08:01:10.395 T:7976     INFO <general>: Default Audio Player: paplayer
2021-04-16 08:01:10.395 T:7976     INFO <general>: Disabled debug logging due to GUI setting. Level 0.
2021-04-16 08:01:10.395 T:7976     INFO <general>: Log level changed to "INFO"
2021-04-16 08:01:10.396 T:7976     INFO <general>: creating subdirectories
2021-04-16 08:01:10.396 T:7976     INFO <general>: userdata folder: special://masterprofile/
2021-04-16 08:01:10.396 T:7976     INFO <general>: recording folder: 
2021-04-16 08:01:10.396 T:7976     INFO <general>: screenshots folder: 
2021-04-16 08:01:10.399 T:7976     INFO <general>: Running database version Addons33
2021-04-16 08:01:10.435 T:7976     INFO <general>: CAddonMgr::ADDON::CAddonMgr::FindAddons: audioencoder.kodi.builtin.aac v1.0.2 installed
2021-04-16 08:01:10.435 T:7976     INFO <general>: CAddonMgr::ADDON::CAddonMgr::FindAddons: audioencoder.kodi.builtin.wma v1.0.2 installed
2021-04-16 08:01:10.435 T:7976     INFO <general>: CAddonMgr::ADDON::CAddonMgr::FindAddons: game.controller.default v1.0.9 installed
2021-04-16 08:01:10.435 T:7976     INFO <general>: CAddonMgr::ADDON::CAddonMgr::FindAddons: game.controller.snes v1.0.9 installed
2021-04-16 08:01:10.435 T:7976     INFO <general>: CAddonMgr::ADDON::CAddonMgr::FindAddons: inputstream.adaptive v2.6.13 installed
2021-04-16 08:01:10.436 T:7976     INFO <general>: CAddonMgr::ADDON::CAddonMgr::FindAddons: inputstream.ffmpegdirect v1.21.1 installed
2021-04-16 08:01:10.436 T:7976     INFO <general>: CAddonMgr::ADDON::CAddonMgr::FindAddons: kodi.binary.global.audioengine v1.1.1 installed
2021-04-16 08:01:10.436 T:7976     INFO <general>: CAddonMgr::ADDON::CAddonMgr::FindAddons: kodi.binary.global.filesystem v1.1.6 installed
2021-04-16 08:01:10.436 T:7976     INFO <general>: CAddonMgr::ADDON::CAddonMgr::FindAddons: kodi.binary.global.general v1.0.5 installed
2021-04-16 08:01:10.436 T:7976     INFO <general>: CAddonMgr::ADDON::CAddonMgr::FindAddons: kodi.binary.global.gui v5.15.0 installed
2021-04-16 08:01:10.436 T:7976     INFO <general>: CAddonMgr::ADDON::CAddonMgr::FindAddons: kodi.binary.global.main v1.3.0 installed
2021-04-16 08:01:10.436 T:7976     INFO <general>: CAddonMgr::ADDON::CAddonMgr::FindAddons: kodi.binary.global.network v1.0.4 installed
2021-04-16 08:01:10.436 T:7976     INFO <general>: CAddonMgr::ADDON::CAddonMgr::FindAddons: kodi.binary.global.tools v1.0.4 installed
2021-04-16 08:01:10.436 T:7976     INFO <general>: CAddonMgr::ADDON::CAddonMgr::FindAddons: kodi.binary.instance.audiodecoder v3.0.0 installed
2021-04-16 08:01:10.436 T:7976     INFO <general>: CAddonMgr::ADDON::CAddonMgr::FindAddons: kodi.binary.instance.audioencoder v2.1.0 installed
2021-04-16 08:01:10.437 T:7976     INFO <general>: CAddonMgr::ADDON::CAddonMgr::FindAddons: kodi.binary.instance.game v2.1.0 installed
2021-04-16 08:01:10.437 T:7976     INFO <general>: CAddonMgr::ADDON::CAddonMgr::FindAddons: kodi.binary.instance.imagedecoder v2.1.1 installed
2021-04-16 08:01:10.437 T:7976     INFO <general>: CAddonMgr::ADDON::CAddonMgr::FindAddons: kodi.binary.instance.inputstream v3.0.1 installed
2021-04-16 08:01:10.437 T:7976     INFO <general>: CAddonMgr::ADDON::CAddonMgr::FindAddons: kodi.binary.instance.peripheral v2.0.0 installed
2021-04-16 08:01:10.437 T:7976     INFO <general>: CAddonMgr::ADDON::CAddonMgr::FindAddons: kodi.binary.instance.pvr v7.1.0 installed
2021-04-16 08:01:10.437 T:7976     INFO <general>: CAddonMgr::ADDON::CAddonMgr::FindAddons: kodi.binary.instance.screensaver v2.1.0 installed
2021-04-16 08:01:10.437 T:7976     INFO <general>: CAddonMgr::ADDON::CAddonMgr::FindAddons: kodi.binary.instance.vfs v3.0.0 installed
2021-04-16 08:01:10.437 T:7976     INFO <general>: CAddonMgr::ADDON::CAddonMgr::FindAddons: kodi.binary.instance.videocodec v2.0.2 installed
2021-04-16 08:01:10.437 T:7976     INFO <general>: CAddonMgr::ADDON::CAddonMgr::FindAddons: kodi.binary.instance.visualization v3.0.0 installed
2021-04-16 08:01:10.437 T:7976     INFO <general>: CAddonMgr::ADDON::CAddonMgr::FindAddons: kodi.resource v1.0.0 installed
2021-04-16 08:01:10.438 T:7976     INFO <general>: CAddonMgr::ADDON::CAddonMgr::FindAddons: metadata.album.universal v3.1.4 installed
2021-04-16 08:01:10.438 T:7976     INFO <general>: CAddonMgr::ADDON::CAddonMgr::FindAddons: metadata.artists.universal v4.3.3 installed
2021-04-16 08:01:10.438 T:7976     INFO <general>: CAddonMgr::ADDON::CAddonMgr::FindAddons: metadata.common.allmusic.com v3.2.2 installed
2021-04-16 08:01:10.438 T:7976     INFO <general>: CAddonMgr::ADDON::CAddonMgr::FindAddons: metadata.common.fanart.tv v3.6.3 installed
2021-04-16 08:01:10.438 T:7976     INFO <general>: CAddonMgr::ADDON::CAddonMgr::FindAddons: metadata.common.imdb.com v3.1.6 installed
2021-04-16 08:01:10.438 T:7976     INFO <general>: CAddonMgr::ADDON::CAddonMgr::FindAddons: metadata.common.musicbrainz.org v2.2.4 installed
2021-04-16 08:01:10.438 T:7976     INFO <general>: CAddonMgr::ADDON::CAddonMgr::FindAddons: metadata.common.theaudiodb.com v2.0.3 installed
2021-04-16 08:01:10.438 T:7976     INFO <general>: CAddonMgr::ADDON::CAddonMgr::FindAddons: metadata.common.themoviedb.org v3.2.14 installed
2021-04-16 08:01:10.438 T:7976     INFO <general>: CAddonMgr::ADDON::CAddonMgr::FindAddons: metadata.generic.albums v1.0.14 installed
2021-04-16 08:01:10.438 T:7976     INFO <general>: CAddonMgr::ADDON::CAddonMgr::FindAddons: metadata.generic.artists v1.0.14 installed
2021-04-16 08:01:10.439 T:7976     INFO <general>: CAddonMgr::ADDON::CAddonMgr::FindAddons: metadata.local v1.0.1 installed
2021-04-16 08:01:10.439 T:7976     INFO <general>: CAddonMgr::ADDON::CAddonMgr::FindAddons: metadata.themoviedb.org v5.2.6 installed
2021-04-16 08:01:10.439 T:7976     INFO <general>: CAddonMgr::ADDON::CAddonMgr::FindAddons: metadata.themoviedb.org.python v1.3.2+matrix.1 installed
2021-04-16 08:01:10.439 T:7976     INFO <general>: CAddonMgr::ADDON::CAddonMgr::FindAddons: metadata.tvshows.themoviedb.org v3.5.13 installed
2021-04-16 08:01:10.439 T:7976     INFO <general>: CAddonMgr::ADDON::CAddonMgr::FindAddons: metadata.tvshows.themoviedb.org.python v1.4.4 installed
2021-04-16 08:01:10.439 T:7976     INFO <general>: CAddonMgr::ADDON::CAddonMgr::FindAddons: peripheral.joystick v1.7.1 installed
2021-04-16 08:01:10.439 T:7976     INFO <general>: CAddonMgr::ADDON::CAddonMgr::FindAddons: plugin.video.Cinput v1.0.4 installed
2021-04-16 08:01:10.439 T:7976     INFO <general>: CAddonMgr::ADDON::CAddonMgr::FindAddons: repository.xbmc.org v3.2.5 installed
2021-04-16 08:01:10.439 T:7976     INFO <general>: CAddonMgr::ADDON::CAddonMgr::FindAddons: resource.images.weathericons.default v1.1.9 installed
2021-04-16 08:01:10.439 T:7976     INFO <general>: CAddonMgr::ADDON::CAddonMgr::FindAddons: resource.language.en_gb v2.0.2 installed
2021-04-16 08:01:10.440 T:7976     INFO <general>: CAddonMgr::ADDON::CAddonMgr::FindAddons: resource.uisounds.kodi v1.0.1 installed
2021-04-16 08:01:10.440 T:7976     INFO <general>: CAddonMgr::ADDON::CAddonMgr::FindAddons: screensaver.xbmc.builtin.black v1.0.34 installed
2021-04-16 08:01:10.440 T:7976     INFO <general>: CAddonMgr::ADDON::CAddonMgr::FindAddons: screensaver.xbmc.builtin.dim v1.0.64 installed
2021-04-16 08:01:10.440 T:7976     INFO <general>: CAddonMgr::ADDON::CAddonMgr::FindAddons: script.module.inputstreamhelper v0.5.2+matrix.1 installed
2021-04-16 08:01:10.440 T:7976     INFO <general>: CAddonMgr::ADDON::CAddonMgr::FindAddons: script.module.pil v5.1.0 installed
2021-04-16 08:01:10.440 T:7976     INFO <general>: CAddonMgr::ADDON::CAddonMgr::FindAddons: script.module.pycryptodome v3.4.3 installed
2021-04-16 08:01:10.440 T:7976     INFO <general>: CAddonMgr::ADDON::CAddonMgr::FindAddons: service.xbmc.versioncheck v0.5.14+matrix.1 installed
2021-04-16 08:01:10.440 T:7976     INFO <general>: CAddonMgr::ADDON::CAddonMgr::FindAddons: skin.estouchy v3.0.6 installed
2021-04-16 08:01:10.440 T:7976     INFO <general>: CAddonMgr::ADDON::CAddonMgr::FindAddons: skin.estuary v3.0.5 installed
2021-04-16 08:01:10.440 T:7976     INFO <general>: CAddonMgr::ADDON::CAddonMgr::FindAddons: webinterface.default v19.x-2.4.7 installed
2021-04-16 08:01:10.440 T:7976     INFO <general>: CAddonMgr::ADDON::CAddonMgr::FindAddons: xbmc.addon v19.0.0 installed
2021-04-16 08:01:10.441 T:7976     INFO <general>: CAddonMgr::ADDON::CAddonMgr::FindAddons: xbmc.core v0.1.0 installed
2021-04-16 08:01:10.441 T:7976     INFO <general>: CAddonMgr::ADDON::CAddonMgr::FindAddons: xbmc.gui v5.15.0 installed
2021-04-16 08:01:10.441 T:7976     INFO <general>: CAddonMgr::ADDON::CAddonMgr::FindAddons: xbmc.json v12.2.1 installed
2021-04-16 08:01:10.441 T:7976     INFO <general>: CAddonMgr::ADDON::CAddonMgr::FindAddons: xbmc.metadata v2.1.0 installed
2021-04-16 08:01:10.441 T:7976     INFO <general>: CAddonMgr::ADDON::CAddonMgr::FindAddons: xbmc.python v3.0.0 installed
2021-04-16 08:01:10.441 T:7976     INFO <general>: CAddonMgr::ADDON::CAddonMgr::FindAddons: xbmc.webinterface v1.0.0 installed
2021-04-16 08:01:10.457 T:7976     INFO <general>: CKeyboardLayoutManager: loading keyboard layouts from special://xbmc/system/keyboardlayouts...
2021-04-16 08:01:10.465 T:580      INFO <general>: Loading special://xbmc/system/IRSSmap.xml
2021-04-16 08:01:10.465 T:580      INFO <general>: * Adding remote mapping for device 'Microsoft MCE'
2021-04-16 08:01:10.465 T:580      INFO <general>: * Adding remote mapping for device 'Abstract'
2021-04-16 08:01:10.470 T:7976     INFO <general>: Primary mode: Generic PnP Monitor #1: 1600x900 @ 60.00Hz
2021-04-16 08:01:10.472 T:7976     INFO <general>: Additional mode: Generic PnP Monitor #1: 320x200 @ 60.00Hz
2021-04-16 08:01:10.474 T:7976     INFO <general>: Additional mode: Generic PnP Monitor #1: 320x240 @ 60.00Hz
2021-04-16 08:01:10.475 T:7976     INFO <general>: Additional mode: Generic PnP Monitor #1: 400x300 @ 60.00Hz
2021-04-16 08:01:10.477 T:7976     INFO <general>: Additional mode: Generic PnP Monitor #1: 512x384 @ 60.00Hz
2021-04-16 08:01:10.479 T:7976     INFO <general>: Additional mode: Generic PnP Monitor #1: 640x400 @ 60.00Hz
2021-04-16 08:01:10.480 T:7976     INFO <general>: Additional mode: Generic PnP Monitor #1: 640x480 @ 59.94Hz
2021-04-16 08:01:10.481 T:7976     INFO <general>: Additional mode: Generic PnP Monitor #1: 640x480 @ 60.00Hz
2021-04-16 08:01:10.483 T:7976     INFO <general>: Additional mode: Generic PnP Monitor #1: 640x480 @ 75.00Hz
2021-04-16 08:01:10.483 T:7976     INFO <general>: Additional mode: Generic PnP Monitor #1: 800x600 @ 60.00Hz
2021-04-16 08:01:10.485 T:7976     INFO <general>: Additional mode: Generic PnP Monitor #1: 800x600 @ 75.00Hz
2021-04-16 08:01:10.485 T:7976     INFO <general>: Additional mode: Generic PnP Monitor #1: 1024x768 @ 60.00Hz
2021-04-16 08:01:10.487 T:7976     INFO <general>: Additional mode: Generic PnP Monitor #1: 1024x768 @ 75.00Hz
2021-04-16 08:01:10.487 T:7976     INFO <general>: Additional mode: Generic PnP Monitor #1: 1152x864 @ 60.00Hz
2021-04-16 08:01:10.489 T:7976     INFO <general>: Additional mode: Generic PnP Monitor #1: 1152x864 @ 75.00Hz
2021-04-16 08:01:10.489 T:7976     INFO <general>: Additional mode: Generic PnP Monitor #1: 1280x600 @ 60.00Hz
2021-04-16 08:01:10.490 T:7976     INFO <general>: Additional mode: Generic PnP Monitor #1: 1280x720 @ 60.00Hz
2021-04-16 08:01:10.492 T:7976     INFO <general>: Additional mode: Generic PnP Monitor #1: 1280x768 @ 60.00Hz
2021-04-16 08:01:10.493 T:7976     INFO <general>: Additional mode: Generic PnP Monitor #1: 1280x800 @ 60.00Hz
2021-04-16 08:01:10.494 T:7976     INFO <general>: Additional mode: Generic PnP Monitor #1: 1280x960 @ 60.00Hz
2021-04-16 08:01:10.496 T:7976     INFO <general>: Additional mode: Generic PnP Monitor #1: 1280x1024 @ 60.00Hz
2021-04-16 08:01:10.496 T:7976     INFO <general>: Additional mode: Generic PnP Monitor #1: 1360x768 @ 60.00Hz
2021-04-16 08:01:10.497 T:7976     INFO <general>: Additional mode: Generic PnP Monitor #1: 1366x768 @ 60.00Hz
2021-04-16 08:01:10.499 T:7976     INFO <general>: Additional mode: Generic PnP Monitor #1: 1440x900 @ 60.00Hz
2021-04-16 08:01:10.501 T:7976     INFO <general>: Additional mode: Generic PnP Monitor #1: 1600x900 @ 60.00Hz
2021-04-16 08:01:10.501 T:7976     INFO <general>: CApplication::CApplication::CreateGUI - using the default windowing system
2021-04-16 08:01:10.501 T:7976     INFO <general>: Checking resolution 15
2021-04-16 08:01:10.522 T:7976     INFO <general>: DX::DeviceResources::CheckNV12SharedTexturesSupport: extended NV12 shared textures is NOT supported
2021-04-16 08:01:10.523 T:7976     INFO <general>: DX::DeviceResources::CreateDeviceResources: device is created on adapter 'Intel(R) HD Graphics 4600' with D3D_FEATURE_LEVEL_11_1
2021-04-16 08:01:10.540 T:7976     INFO <general>: DX::DeviceResources::ResizeBuffers: 8 bit swapchain is used with 6 flip sequential buffers and SDR output
2021-04-16 08:01:10.556 T:7976     INFO <general>: RetroPlayer[PROCESS]: Registering process control for Windows
2021-04-16 08:01:10.556 T:7976     INFO <general>: RetroPlayer[RENDER]: Registering renderer factory for DirectX
2021-04-16 08:01:10.636 T:15036    INFO <general>: Found 2 Lists of Devices
2021-04-16 08:01:10.636 T:15036    INFO <general>: Enumerated DIRECTSOUND devices:
2021-04-16 08:01:10.636 T:15036    INFO <general>:     Device 1
2021-04-16 08:01:10.637 T:15036    INFO <general>:         m_deviceName      : {BFAD5A07-95EE-406F-B000-1DCF41236E5D}
2021-04-16 08:01:10.637 T:15036    INFO <general>:         m_displayName     : Speakers - Fone (Realtek High Definition Audio)
2021-04-16 08:01:10.637 T:15036    INFO <general>:         m_displayNameExtra: DIRECTSOUND: Fone (Realtek High Definition Audio)
2021-04-16 08:01:10.637 T:15036    INFO <general>:         m_deviceType      : AE_DEVTYPE_PCM
2021-04-16 08:01:10.637 T:15036    INFO <general>:         m_channels        : FL, FR
2021-04-16 08:01:10.637 T:15036    INFO <general>:         m_sampleRates     : 48000
2021-04-16 08:01:10.637 T:15036    INFO <general>:         m_dataFormats     : AE_FMT_FLOAT
2021-04-16 08:01:10.637 T:15036    INFO <general>:         m_streamTypes     : No passthrough capabilities
2021-04-16 08:01:10.637 T:15036    INFO <general>:     Device 2
2021-04-16 08:01:10.637 T:15036    INFO <general>:         m_deviceName      : default
2021-04-16 08:01:10.637 T:15036    INFO <general>:         m_displayName     : default
2021-04-16 08:01:10.637 T:15036    INFO <general>:         m_displayNameExtra: 
2021-04-16 08:01:10.637 T:15036    INFO <general>:         m_deviceType      : AE_DEVTYPE_PCM
2021-04-16 08:01:10.637 T:15036    INFO <general>:         m_channels        : FL, FR
2021-04-16 08:01:10.637 T:15036    INFO <general>:         m_sampleRates     : 48000
2021-04-16 08:01:10.637 T:15036    INFO <general>:         m_dataFormats     : AE_FMT_FLOAT
2021-04-16 08:01:10.637 T:15036    INFO <general>:         m_streamTypes     : No passthrough capabilities
2021-04-16 08:01:10.637 T:15036    INFO <general>: Enumerated WASAPI devices:
2021-04-16 08:01:10.637 T:15036    INFO <general>:     Device 1
2021-04-16 08:01:10.637 T:15036    INFO <general>:         m_deviceName      : {BFAD5A07-95EE-406F-B000-1DCF41236E5D}
2021-04-16 08:01:10.637 T:15036    INFO <general>:         m_displayName     : Speakers - Fone (Realtek High Definition Audio)
2021-04-16 08:01:10.637 T:15036    INFO <general>:         m_displayNameExtra: WASAPI: Fone (Realtek High Definition Audio)
2021-04-16 08:01:10.637 T:15036    INFO <general>:         m_deviceType      : AE_DEVTYPE_PCM
2021-04-16 08:01:10.637 T:15036    INFO <general>:         m_channels        : FL, FR
2021-04-16 08:01:10.637 T:15036    INFO <general>:         m_sampleRates     : 192000,96000,48000,44100
2021-04-16 08:01:10.637 T:15036    INFO <general>:         m_dataFormats     : AE_FMT_S24NE4MSB,AE_FMT_S16NE,AE_FMT_S16LE,AE_FMT_S16BE
2021-04-16 08:01:10.637 T:15036    INFO <general>:         m_streamTypes     : No passthrough capabilities
2021-04-16 08:01:10.637 T:15036    INFO <general>:     Device 2
2021-04-16 08:01:10.637 T:15036    INFO <general>:         m_deviceName      : default
2021-04-16 08:01:10.637 T:15036    INFO <general>:         m_displayName     : default
2021-04-16 08:01:10.637 T:15036    INFO <general>:         m_displayNameExtra: 
2021-04-16 08:01:10.637 T:15036    INFO <general>:         m_deviceType      : AE_DEVTYPE_PCM
2021-04-16 08:01:10.637 T:15036    INFO <general>:         m_channels        : FL, FR
2021-04-16 08:01:10.637 T:15036    INFO <general>:         m_sampleRates     : 192000,96000,48000,44100
2021-04-16 08:01:10.637 T:15036    INFO <general>:         m_dataFormats     : AE_FMT_S24NE4MSB,AE_FMT_S16NE,AE_FMT_S16LE,AE_FMT_S16BE
2021-04-16 08:01:10.637 T:15036    INFO <general>:         m_streamTypes     : No passthrough capabilities
2021-04-16 08:01:10.637 T:704      INFO <general>: CActiveAESink::OpenSink - initialize sink
2021-04-16 08:01:10.653 T:7976     INFO <general>: load keymapping
2021-04-16 08:01:10.654 T:7976     INFO <general>: Loading special://xbmc/system/keymaps/appcommand.xml
2021-04-16 08:01:10.654 T:7976     INFO <general>: Loading special://xbmc/system/keymaps/customcontroller.AppleRemote.xml
2021-04-16 08:01:10.655 T:7976     INFO <general>: Loading special://xbmc/system/keymaps/customcontroller.Harmony.xml
2021-04-16 08:01:10.656 T:7976     INFO <general>: Loading special://xbmc/system/keymaps/customcontroller.SiriRemote.xml
2021-04-16 08:01:10.656 T:7976     INFO <general>: Loading special://xbmc/system/keymaps/gamepad.xml
2021-04-16 08:01:10.657 T:7976     INFO <general>: Loading special://xbmc/system/keymaps/joystick.xml
2021-04-16 08:01:10.657 T:7976     INFO <general>: Loading special://xbmc/system/keymaps/keyboard.xml
2021-04-16 08:01:10.659 T:7976     INFO <general>: Loading special://xbmc/system/keymaps/mouse.xml
2021-04-16 08:01:10.659 T:7976     INFO <general>: Loading special://xbmc/system/keymaps/remote.xml
2021-04-16 08:01:10.660 T:7976     INFO <general>: Loading special://xbmc/system/keymaps/touchscreen.xml
2021-04-16 08:01:10.661 T:7976     INFO <general>: GUI format 1142x752, Display Windowed
2021-04-16 08:01:10.661 T:7976     INFO <general>: CLangInfo: loading resource.language.en_gb language information...
2021-04-16 08:01:10.743 T:7976     INFO <general>: global locale set to en-us
2021-04-16 08:01:10.743 T:7976     INFO <general>: CLangInfo: loading resource.language.en_gb language strings...
2021-04-16 08:01:10.757 T:3188     INFO <general>: Running database version Addons33
2021-04-16 08:01:10.757 T:3188     INFO <general>: Running database version ViewModes6
2021-04-16 08:01:10.758 T:3188     INFO <general>: Running database version Textures13
2021-04-16 08:01:10.759 T:3188     INFO <general>: Running database version MyMusic82
2021-04-16 08:01:10.759 T:15036 WARNING <general>: CActiveAE::ActiveAE::CActiveAE::StateMachine - signal: 0 from port: OutputControlPort not handled for state: 7
2021-04-16 08:01:10.761 T:3188     INFO <general>: Running database version MyVideos119
2021-04-16 08:01:10.761 T:3188     INFO <general>: Running database version TV37
2021-04-16 08:01:10.762 T:3188     INFO <general>: Running database version Epg13
2021-04-16 08:01:10.776 T:7976     INFO <general>: Unloaded skin
2021-04-16 08:01:10.777 T:7976     INFO <general>:   load skin from: D:\Kodi19.0\addons\skin.estuary\ (version: 3.0.5)
2021-04-16 08:01:10.777 T:7976     INFO <general>:   load fonts for skin...
2021-04-16 08:01:10.778 T:7976     INFO <general>: Loading skin includes from D:\Kodi19.0\addons\skin.estuary\xml\includes.xml
2021-04-16 08:01:10.804 T:7976     INFO <general>: Loading fonts from D:\Kodi19.0\addons\skin.estuary\xml\Font.xml
2021-04-16 08:01:10.818 T:7976     INFO <general>:   load new skin...
2021-04-16 08:01:10.818 T:7976     INFO <general>: Loading custom window XMLs from skin path D:\Kodi19.0\addons\skin.estuary\xml
2021-04-16 08:01:10.822 T:7976     INFO <general>:   initialize new skin...
2021-04-16 08:01:10.822 T:7976     INFO <general>: Loading skin file: DialogBusy.xml, load type: LOAD_ON_GUI_INIT
2021-04-16 08:01:10.825 T:7976     INFO <general>: Loading skin file: Pointer.xml, load type: LOAD_ON_GUI_INIT
2021-04-16 08:01:10.825 T:7976     INFO <general>: Loading skin file: DialogVolumeBar.xml, load type: LOAD_ON_GUI_INIT
2021-04-16 08:01:10.826 T:7976     INFO <general>: Loading skin file: DialogExtendedProgressBar.xml, load type: LOAD_ON_GUI_INIT
2021-04-16 08:01:10.827 T:7976     INFO <general>: Loading skin file: DialogSeekBar.xml, load type: LOAD_ON_GUI_INIT
2021-04-16 08:01:10.834 T:7976     INFO <general>: Loading skin file: DialogNotification.xml, load type: LOAD_ON_GUI_INIT
2021-04-16 08:01:10.835 T:7976     INFO <general>: Loading skin file: DialogBusy.xml, load type: LOAD_ON_GUI_INIT
2021-04-16 08:01:10.836 T:7976     INFO <general>: Loading skin file: Custom_1109_TopBarOverlay.xml, load type: LOAD_ON_GUI_INIT
2021-04-16 08:01:10.841 T:7976     INFO <general>: Loading resource://resource.uisounds.kodi/sounds.xml
2021-04-16 08:01:10.852 T:7976     INFO <general>:   skin loaded...
2021-04-16 08:01:10.852 T:7976     INFO <general>: Loading skin file: Startup.xml, load type: LOAD_EVERY_TIME
2021-04-16 08:01:10.853 T:7976     INFO <general>: Loading skin file: Home.xml, load type: KEEP_IN_MEMORY
2021-04-16 08:01:10.968 T:7976  WARNING <general>: JSONRPC: Could not parse type "Setting.Details.SettingList"
2021-04-16 08:01:10.968 T:7976     INFO <general>: JSONRPC: Adding type "Setting.Details.SettingList" to list of incomplete definitions (waiting for "Setting.Details.Setting")
2021-04-16 08:01:10.968 T:7976     INFO <general>: JSONRPC: Resolving incomplete types/methods referencing Setting.Details.Setting
2021-04-16 08:01:10.979 T:7976     INFO <general>: JSONRPC v12.2.1: Successfully initialized
2021-04-16 08:01:10.984 T:7976     INFO <general>: AddOnLog: peripheral.joystick: Enabling joystick interface "xinput"
2021-04-16 08:01:10.985 T:7976     INFO <general>: AddOnLog: peripheral.joystick: Enabling joystick interface "directinput"
2021-04-16 08:01:10.986 T:7976     INFO <general>: PERIPHERALS::CPeripheralBus::Register - new keyboard device registered on application->keyboard: Keyboard (0000:0000)
2021-04-16 08:01:10.986 T:7976     INFO <general>: PERIPHERALS::CPeripheralBus::Register - new mouse device registered on application->mouse: Mouse (0000:0000)
2021-04-16 08:01:10.986 T:7976     INFO <general>: Loading player core factory settings from special://xbmc/system/playercorefactory.xml.
2021-04-16 08:01:10.986 T:7976     INFO <general>: Loaded playercorefactory configuration
2021-04-16 08:01:10.987 T:7976     INFO <general>: Loading player core factory settings from special://masterprofile/playercorefactory.xml.
2021-04-16 08:01:10.987 T:7976     INFO <general>: special://masterprofile/playercorefactory.xml does not exist. Skipping.
2021-04-16 08:01:10.987 T:7976     INFO <general>: removing tempfiles
2021-04-16 08:01:10.988 T:3956     INFO <general>: initializing python engine.
2021-04-16 08:01:10.988 T:7976     INFO <general>: initialize done
2021-04-16 08:01:10.988 T:14296    INFO <general>: initializing python engine.
2021-04-16 08:01:10.988 T:7976     INFO <general>: Running the application...
2021-04-16 08:01:10.990 T:14880    INFO <general>: ES: Starting UDP Event server on port 9777
2021-04-16 08:01:10.990 T:14880    INFO <general>: UDP: Listening on port 9777 (ipv6 : false)
2021-04-16 08:01:10.991 T:7976     INFO <general>: JSONRPC Server: Successfully initialized
2021-04-16 08:01:11.043 T:3956     INFO <general>: CPythonInvoker(0, D:\Kodi19.0\portable_data\addons\inputstream.ffmpegdirect\resources\lib\runner.py): script successfully run
2021-04-16 08:01:11.048 T:3956     INFO <general>: Python interpreter stopped
2021-04-16 08:01:14.491 T:580      INFO <general>: CIRServerSuite::Process: failed to connect to irss, will keep retrying every 5 seconds
2021-04-16 08:01:15.441 T:7976     INFO <general>: Loading skin file: MyVideoNav.xml, load type: KEEP_IN_MEMORY
2021-04-16 08:01:15.583 T:11760    INFO <general>: initializing python engine.
2021-04-16 08:01:15.724 T:11760    INFO <general>: CPythonInvoker(2, D:\Kodi19.0\portable_data\addons\plugin.video.Cinput\default.py): script successfully run
2021-04-16 08:01:15.742 T:11760    INFO <general>: Python interpreter stopped
2021-04-16 08:01:16.152 T:14296    INFO <general>: CPythonInvoker(1, D:\Kodi19.0\portable_data\addons\service.xbmc.versioncheck\resources\lib\runner.py): script successfully run
2021-04-16 08:01:16.172 T:14296    INFO <general>: Python interpreter stopped
2021-04-16 08:01:16.600 T:15224    INFO <general>: initializing python engine.
2021-04-16 08:01:16.692 T:15224 WARNING <general>: --- Playing "Play". https://lh3.googleusercontent.com/proxy/p2mr6yBl2Bn1S-yr0-eONst-nYtOUadBbNVO-t5Nh_GL5qZOYF9sVVZfWZO1UaMxjUGd5r3qwqSb3iLN9HNS6IH4WB9yp5vwD34034cBMIlKJq67oQ=s0
2021-04-16 08:01:16.822 T:15224    INFO <general>: CPythonInvoker(3, D:\Kodi19.0\portable_data\addons\plugin.video.Cinput\default.py): script successfully run
2021-04-16 08:01:16.843 T:7976     INFO <general>: VideoPlayer::OpenFile: plugin://plugin.video.Cinput/?name=Play&url=&mode=1
2021-04-16 08:01:16.852 T:15224    INFO <general>: Python interpreter stopped
2021-04-16 08:01:16.988 T:6456     INFO <general>: Creating InputStream
2021-04-16 08:01:16.993 T:6456     INFO <general>: AddOnLog: inputstream.ffmpegdirect: inputstream.ffmpegdirect: OpenStream() - Num Props: 0
2021-04-16 08:01:16.993 T:6456     INFO <general>: AddOnLog: inputstream.ffmpegdirect: Stream mimetype: image/png
2021-04-16 08:01:17.101 T:6456     INFO <general>: AddOnLog: inputstream.ffmpegdirect: ffmpegdirect::FFmpegStream::OpenWithCURL - IO handled by Kodi's cURL
2021-04-16 08:01:17.284 T:6456     INFO <general>: AddOnLog: inputstream.ffmpegdirect: ffmpeg[5CF810CA]: Input #0, png_pipe, from 'https://lh3.googleusercontent.com/proxy/p2mr6yBl2Bn1S-yr0-eONst-nYtOUadBbNVO-t5Nh_GL5qZOYF9sVVZfWZO1UaMxjUGd5r3qwqSb3iLN9HNS6IH4WB9yp5vwD34034cBMIlKJq67oQ=s0':
2021-04-16 08:01:17.284 T:6456     INFO <general>: AddOnLog: inputstream.ffmpegdirect: ffmpeg[5CF810CA]:   Duration: N/A, bitrate: N/A
2021-04-16 08:01:17.284 T:6456     INFO <general>: AddOnLog: inputstream.ffmpegdirect: ffmpeg[5CF810CA]:   Stream #0:0: Video: png, rgb24(pc), 1x1 [SAR 3779:3779 DAR 1:1], 25 fps, 25 tbr, 25 tbn, 25 tbc
2021-04-16 08:01:17.285 T:6456     INFO <general>: Creating Demuxer
2021-04-16 08:01:17.285 T:6456     INFO <general>: Opening stream: 0 source: 256
2021-04-16 08:01:17.285 T:6456     INFO <general>: Creating video codec with codec id: 61
2021-04-16 08:01:17.285 T:6456     INFO <general>: CDVDVideoCodecFFmpeg::Open() Using codec: PNG (Portable Network Graphics) image
2021-04-16 08:01:17.285 T:6456     INFO <general>: Creating video thread
2021-04-16 08:01:17.285 T:6520     INFO <general>: running thread: video_thread
2021-04-16 08:01:17.290 T:6456     INFO <general>: CVideoPlayer::Process - eof reading from demuxer
2021-04-16 08:01:17.290 T:6456     INFO <general>: CVideoPlayer::OnExit()
2021-04-16 08:01:17.290 T:6456     INFO <general>: VideoPlayer: eof, waiting for queues to empty
2021-04-16 08:01:17.290 T:6456     INFO <general>: Closing stream player 2
2021-04-16 08:01:17.290 T:6456     INFO <general>: waiting for video thread to exit
2021-04-16 08:01:17.290 T:6520    ERROR <general>: Got MSGQ_ABORT or MSGO_IS_ERROR return true
2021-04-16 08:01:17.290 T:6520     INFO <general>: thread end: video_thread
2021-04-16 08:01:17.290 T:6456     INFO <general>: deleting video codec
2021-04-16 08:01:17.292 T:6456     INFO <general>: ADDON: Dll Destroyed - Inputstream FFmpeg Direct
2021-04-16 08:01:17.307 T:7976     INFO <general>: CVideoPlayer::CloseFile()
2021-04-16 08:01:17.307 T:7976     INFO <general>: VideoPlayer: waiting for threads to exit
2021-04-16 08:01:17.307 T:7976     INFO <general>: VideoPlayer: finished waiting
2021-04-16 08:01:17.307 T:7976     INFO <general>: CVideoPlayer::CloseFile()
2021-04-16 08:01:17.307 T:7976     INFO <general>: VideoPlayer: waiting for threads to exit
2021-04-16 08:01:17.307 T:7976     INFO <general>: VideoPlayer: finished waiting
